  Pet.cpp
  PetFactory.cpp
C:\Users\pg29cris\FinalT2Assignmentcpp\PetSimulator\PetSimulator\PetFactory.h(7,7): error C2011: 'PetFactory': 'class' type redefinition
  (compiling source file 'PetFactory.cpp')
      C:\Users\pg29cris\FinalT2Assignmentcpp\PetSimulator\PetSimulator\PetFactory.h(7,7):
      see declaration of 'PetFactory'
  
C:\Users\pg29cris\FinalT2Assignmentcpp\PetSimulator\PetSimulator\PetFactory.cpp(4,14): error C2027: use of undefined type 'PetFactory'
      C:\Users\pg29cris\FinalT2Assignmentcpp\PetSimulator\PetSimulator\PetFactory.h(7,7):
      see declaration of 'PetFactory'
  
C:\Users\pg29cris\FinalT2Assignmentcpp\PetSimulator\PetSimulator\PetFactory.cpp(4,14): error C4430: missing type specifier - int assumed. Note: C++ does not support default-int
C:\Users\pg29cris\FinalT2Assignmentcpp\PetSimulator\PetSimulator\PetFactory.cpp(7,34): error C2065: 'PetVector': undeclared identifier
C:\Users\pg29cris\FinalT2Assignmentcpp\PetSimulator\PetSimulator\PetFactory.cpp(7,32): error C2143: syntax error: missing ';' before ':'
C:\Users\pg29cris\FinalT2Assignmentcpp\PetSimulator\PetSimulator\PetFactory.cpp(7,43): error C2143: syntax error: missing ';' before ')'
C:\Users\pg29cris\FinalT2Assignmentcpp\PetSimulator\PetSimulator\PetFactory.cpp(8,3): error C2248: 'Pet::~Pet': cannot access private member declared in class 'Pet'
      C:\Users\pg29cris\FinalT2Assignmentcpp\PetSimulator\PetSimulator\Pet.h(60,1):
      compiler has generated 'Pet::~Pet' here
      C:\Users\pg29cris\FinalT2Assignmentcpp\PetSimulator\PetSimulator\Pet.h(8,7):
      see declaration of 'Pet'
  
C:\Users\pg29cris\FinalT2Assignmentcpp\PetSimulator\PetSimulator\PetFactory.cpp(13,9): error C2065: 'sInstance': undeclared identifier
C:\Users\pg29cris\FinalT2Assignmentcpp\PetSimulator\PetSimulator\PetFactory.cpp(13,2): error C2541: 'delete': cannot delete objects that are not pointers
C:\Users\pg29cris\FinalT2Assignmentcpp\PetSimulator\PetSimulator\PetFactory.cpp(14,2): error C2065: 'sInstance': undeclared identifier
C:\Users\pg29cris\FinalT2Assignmentcpp\PetSimulator\PetSimulator\PetFactory.cpp(15,1): warning C4508: '{dtor}': function should return a value; 'void' return type assumed
C:\Users\pg29cris\FinalT2Assignmentcpp\PetSimulator\PetSimulator\PetFactory.cpp(17,25): error C2027: use of undefined type 'PetFactory'
      C:\Users\pg29cris\FinalT2Assignmentcpp\PetSimulator\PetSimulator\PetFactory.h(7,7):
      see declaration of 'PetFactory'
  
C:\Users\pg29cris\FinalT2Assignmentcpp\PetSimulator\PetSimulator\PetFactory.cpp(19,25): error C2027: use of undefined type 'PetFactory'
      C:\Users\pg29cris\FinalT2Assignmentcpp\PetSimulator\PetSimulator\PetFactory.h(7,7):
      see declaration of 'PetFactory'
  
C:\Users\pg29cris\FinalT2Assignmentcpp\PetSimulator\PetSimulator\PetFactory.cpp(22,29): error C2027: use of undefined type 'PetFactory'
      C:\Users\pg29cris\FinalT2Assignmentcpp\PetSimulator\PetSimulator\PetFactory.h(7,7):
      see declaration of 'PetFactory'
  
C:\Users\pg29cris\FinalT2Assignmentcpp\PetSimulator\PetSimulator\PetFactory.cpp(31,34): error C2027: use of undefined type 'PetFactory'
      C:\Users\pg29cris\FinalT2Assignmentcpp\PetSimulator\PetSimulator\PetFactory.h(7,7):
      see declaration of 'PetFactory'
  
C:\Users\pg29cris\FinalT2Assignmentcpp\PetSimulator\PetSimulator\PetFactory.cpp(33,9): error C2660: 'CreatePet': function does not take 2 arguments
      C:\Users\pg29cris\FinalT2Assignmentcpp\PetSimulator\PetSimulator\PetFactory.cpp(31,34):
      see declaration of 'CreatePet'
      C:\Users\pg29cris\FinalT2Assignmentcpp\PetSimulator\PetSimulator\PetFactory.cpp(33,9):
      while trying to match the argument list '(std::string, int)'
  
C:\Users\pg29cris\FinalT2Assignmentcpp\PetSimulator\PetSimulator\PetFactory.cpp(36,34): error C2027: use of undefined type 'PetFactory'
      C:\Users\pg29cris\FinalT2Assignmentcpp\PetSimulator\PetSimulator\PetFactory.h(7,7):
      see declaration of 'PetFactory'
  
C:\Users\pg29cris\FinalT2Assignmentcpp\PetSimulator\PetSimulator\PetFactory.cpp(38,23): error C2248: 'Pet::Pet': cannot access private member declared in class 'Pet'
      C:\Users\pg29cris\FinalT2Assignmentcpp\PetSimulator\PetSimulator\Pet.h(16,2):
      see declaration of 'Pet::Pet'
      C:\Users\pg29cris\FinalT2Assignmentcpp\PetSimulator\PetSimulator\Pet.h(8,7):
      see declaration of 'Pet'
  
C:\Users\pg29cris\FinalT2Assignmentcpp\PetSimulator\PetSimulator\PetFactory.cpp(40,2): error C2065: 'PetVector': undeclared identifier
C:\Users\pg29cris\FinalT2Assignmentcpp\PetSimulator\PetSimulator\PetFactory.cpp(46,18): error C2027: use of undefined type 'PetFactory'
      C:\Users\pg29cris\FinalT2Assignmentcpp\PetSimulator\PetSimulator\PetFactory.h(7,7):
      see declaration of 'PetFactory'
  
C:\Users\pg29cris\FinalT2Assignmentcpp\PetSimulator\PetSimulator\PetFactory.cpp(49,6): error C2065: 'PetVector': undeclared identifier
C:\Users\pg29cris\FinalT2Assignmentcpp\PetSimulator\PetSimulator\PetFactory.cpp(54,9): error C2065: 'PetVector': undeclared identifier
  Generating Code...
